10:30:07.076 karate.env system property was:  
10:30:07.170 [print] test 1
10:30:07.232 karate.env system property was:  
10:30:07.883 request:
1 > POST https://reqres.in/api/users
1 > Accept: application/json
1 > Accept-Encoding: gzip,deflate
1 > Connection: Keep-Alive
1 > Content-Length: 35
1 > Content-Type: application/json; charset=UTF-8
1 > Host: reqres.in
1 > User-Agent: Apache-HttpClient/4.5.12 (Java/14.0.2)
{ "name": "Aakash", "job":"leader"}

10:30:08.837 response time in milliseconds: 953.48
1 < 201
1 < Access-Control-Allow-Origin: *
1 < CF-Cache-Status: DYNAMIC
1 < CF-RAY: 5d1aaaf619c1fed6-IAH
1 < Connection: keep-alive
1 < Content-Length: 82
1 < Content-Type: application/json; charset=utf-8
1 < Date: Sat, 12 Sep 2020 15:30:06 GMT
1 < Etag: W/"52-UMwsTg9pziiICzrbrkQweRffcwo"
1 < Expect-CT: max-age=604800, report-uri="https://report-uri.cloudflare.com/cdn-cgi/beacon/expect-ct"
1 < Server: cloudflare
1 < Set-Cookie: __cfduid=d47d30cf524c45e77300d10fe0c2e9ca21599924606; expires=Mon, 12-Oct-20 15:30:06 GMT; path=/; domain=.reqres.in; HttpOnly; SameSite=Lax; Secure
1 < Via: 1.1 vegur
1 < X-Powered-By: Express
1 < cf-request-id: 0524892dd00000fed6fb1ac200000001
{"name":"Aakash","job":"leader","id":"462","createdAt":"2020-09-12T15:30:06.648Z"}

"https://s3.amazonaws.com/uifaces/faces/twitter/olegpogodaev/128.jpg"},"ad":{"company":"StatusCode Weekly","url":"http://statuscode.org/","text":"A weekly newsletter focusing on software development, infrastructure, the server, performance, and the stack end of things."}}

23:39:43.005 request:
1 > GET https://reqres.in/api/users/2
1 > Accept-Encoding: gzip,deflate
1 > Connection: Keep-Alive
1 > Host: reqres.in
1 > User-Agent: Apache-HttpClient/4.5.12 (Java/14.0.2)

23:39:43.136 response time in milliseconds: 128.46
1 < 200
1 < Access-Control-Allow-Origin: *
1 < Age: 48
1 < CF-Cache-Status: HIT
1 < CF-RAY: 5d0eb4dacb20b3d6-IAH
1 < Cache-Control: max-age=14400
1 < Connection: keep-alive
1 < Content-Type: application/json; charset=utf-8
1 < Date: Fri, 11 Sep 2020 04:39:42 GMT
1 < Etag: W/"173-1Z8bn0V7UjH6FK7NCaza1ccWXQk"
1 < Expect-CT: max-age=604800, report-uri="https://report-uri.cloudflare.com/cdn-cgi/beacon/expect-ct"
1 < Server: cloudflare
1 < Set-Cookie: __cfduid=d7834a753c4fdd38ac6f0db3ebcb735f51599799182; expires=Sun, 11-Oct-20 04:39:42 GMT; path=/; domain=.reqres.in; HttpOnly; SameSite=Lax; Secure
1 < Transfer-Encoding: chunked
1 < Vary: Accept-Encoding
1 < Via: 1.1 vegur
1 < X-Powered-By: Express
1 < cf-request-id: 051d0f5cba0000b3d63703d200000001
{"data":{"id":2,"email":"janet.weaver@reqres.in","first_name":"Janet","last_name":"Weaver","avatar":"https://s3.amazonaws.com/uifaces/faces/twitter/josephstein/128.jpg"},"ad":{"company":"StatusCode Weekly","url":"http://statuscode.org/","text":"A weekly newsletter focusing on software development, infrastructure, the server, performance, and the stack end of things."}}

23:39:43.156 [print] first_name ----- Emma
