10:30:07.076 karate.env system property was:  
10:30:07.264 karate.env system property was:  
10:30:07.883 request:
1 > POST https://reqres.in/api/users/toke
1 > Accept-Encoding: gzip,deflate
1 > Connection: Keep-Alive
1 > Content-Length: 65
1 > Content-Type: application/x-www-form-urlencoded; charset=UTF-8
1 > Host: reqres.in
1 > User-Agent: Apache-HttpClient/4.5.12 (Java/14.0.2)
grant_type=&client_id=%23client_id&client_secret=%23client_secret

10:30:08.824 response time in milliseconds: 939.61
1 < 201
1 < Access-Control-Allow-Origin: *
1 < CF-Cache-Status: DYNAMIC
1 < CF-RAY: 5d1aaaf61a2ffeae-IAH
1 < Connection: keep-alive
1 < Content-Length: 123
1 < Content-Type: application/json; charset=utf-8
1 < Date: Sat, 12 Sep 2020 15:30:06 GMT
1 < Etag: W/"7b-kYyg5b1uqTdmw3yQ9pqo1sweylo"
1 < Expect-CT: max-age=604800, report-uri="https://report-uri.cloudflare.com/cdn-cgi/beacon/expect-ct"
1 < Server: cloudflare
1 < Set-Cookie: __cfduid=d1ff2ff406fadf1414d4a2d28c45bd9f61599924606; expires=Mon, 12-Oct-20 15:30:06 GMT; path=/; domain=.reqres.in; HttpOnly; SameSite=Lax; Secure
1 < Via: 1.1 vegur
1 < X-Powered-By: Express
1 < cf-request-id: 0524892dd00000feae2a25b200000001
{"grant_type":"","client_id":"#client_id","client_secret":"#client_secret","id":"7","createdAt":"2020-09-12T15:30:06.650Z"}

10:30:08.825 status code was: 201, expected: 200, response time: 940, url: https://reqres.in/api/users/toke, response: {"createdAt":"2020-09-12T15:30:06.650Z","grant_type":"","client_secret":"#client_secret","id":"7","client_id":"#client_id"}
."}}

23:42:30.515 request:
1 > GET https://reqres.in/api/users/2
1 > Accept-Encoding: gzip,deflate
1 > Connection: Keep-Alive
1 > Host: reqres.in
1 > User-Agent: Apache-HttpClient/4.5.12 (Java/14.0.2)

23:42:30.637 response time in milliseconds: 119.92
1 < 200
1 < Access-Control-Allow-Origin: *
1 < Age: 216
1 < CF-Cache-Status: HIT
1 < CF-RAY: 5d0eb8f1c999feaa-IAH
1 < Cache-Control: max-age=14400
1 < Connection: keep-alive
1 < Content-Type: application/json; charset=utf-8
1 < Date: Fri, 11 Sep 2020 04:42:30 GMT
1 < Etag: W/"173-1Z8bn0V7UjH6FK7NCaza1ccWXQk"
1 < Expect-CT: max-age=604800, report-uri="https://report-uri.cloudflare.com/cdn-cgi/beacon/expect-ct"
1 < Server: cloudflare
1 < Set-Cookie: __cfduid=d2698c0cde35381f3c8ae41e579844a7a1599799350; expires=Sun, 11-Oct-20 04:42:30 GMT; path=/; domain=.reqres.in; HttpOnly; SameSite=Lax; Secure
1 < Transfer-Encoding: chunked
1 < Vary: Accept-Encoding
1 < Via: 1.1 vegur
1 < X-Powered-By: Express
1 < cf-request-id: 051d11eb180000feaacc198200000001
{"data":{"id":2,"email":"janet.weaver@reqres.in","first_name":"Janet","last_name":"Weaver","avatar":"https://s3.amazonaws.com/uifaces/faces/twitter/josephstein/128.jpg"},"ad":{"company":"StatusCode Weekly","url":"http://statuscode.org/","text":"A weekly newsletter focusing on software development, infrastructure, the server, performance, and the stack end of things."}}

23:42:30.691 [print] first_name ----- Emma
